********************************************************************************
*                      Tuesday, 18 October 2016 11:17:55                       *
********************************************************************************
CSharpCompilerWrapper.exe version: 1.10.0.0
Platform: Mac
Target assembly: /Assembly-CSharp.dll
Project directory: /Users/davidnelson/dev/parallelplaid/unity-6-suppot
Unity 'Data' or 'Frameworks' directory: /Applications/Unity/Unity.app/Contents
Microsoft C# 6.0 compiler found, but it is not supported on the current platform. Looking for another compiler...
Compiler: Mono C# 6.0

- Compilation -----------------------------------------------

Process: /Library/Frameworks/Mono.framework/Commands/mono
Arguments: "/Users/davidnelson/dev/parallelplaid/unity-6-suppot/CSharp60Support/mcs.exe" -nostdlib+ -noconfig -nologo -r:"/Applications/Unity/Unity.app/Contents/Mono/lib/mono/2.0/mscorlib.dll" -r:"/Applications/Unity/Unity.app/Contents/Mono/lib/mono/2.0/System.dll" -r:"/Applications/Unity/Unity.app/Contents/Mono/lib/mono/2.0/System.Core.dll" -r:"/Applications/Unity/Unity.app/Contents/Mono/lib/mono/2.0/System.Xml.dll" @Temp/UnityTempFile-28d6e0fa18bfd43e597fa53f5fd369c0
Exit code: 1
Elapsed time: 0.98 sec

- Compiler output (1 line):
0: Compilation failed: 2 error(s), 4 warnings

- Compiler errors (6 lines):
0: Assets/Demo/Scripts/C# 6 Tests/ExceptionFiltersTest.cs(5,0): warning CS1030: #warning: `IL2CPP may fail this test'
1: Assets/Demo/Scripts/C# 5 Tests/AsyncAwaitTest.cs(15,27): warning CS4014: The statement is not awaited and execution of current method continues before the call is completed. Consider using `await' operator
2: Assets/Demo/Scripts/C# 5 Tests/AsyncAwaitTest.cs(22,27): warning CS4014: The statement is not awaited and execution of current method continues before the call is completed. Consider using `await' operator
3: Assets/Demo/Scripts/C# 6 Tests/StringInterpolationTest.cs(22,19): error CS0165: Use of unassigned local variable `escapedUrl'
4: Assets/Demo/Scripts/C# 6 Tests/StringInterpolationTest.cs(23,19): error CS0165: Use of unassigned local variable `escapedUrl2'
5: Assets/Demo/Scripts/SlideshowDemo.cs(63,31): warning CS4014: The statement is not awaited and execution of current method continues before the call is completed. Consider using `await' operator
********************************************************************************
*                      Tuesday, 18 October 2016 11:17:57                       *
********************************************************************************
CSharpCompilerWrapper.exe version: 1.10.0.0
Platform: Mac
Target assembly: /Assembly-CSharp.dll
Project directory: /Users/davidnelson/dev/parallelplaid/unity-6-suppot
Unity 'Data' or 'Frameworks' directory: /Applications/Unity/Unity.app/Contents
Microsoft C# 6.0 compiler found, but it is not supported on the current platform. Looking for another compiler...
Compiler: Mono C# 6.0

- Compilation -----------------------------------------------

Process: /Library/Frameworks/Mono.framework/Commands/mono
Arguments: "/Users/davidnelson/dev/parallelplaid/unity-6-suppot/CSharp60Support/mcs.exe" -nostdlib+ -noconfig -nologo -r:"/Applications/Unity/Unity.app/Contents/Mono/lib/mono/2.0/mscorlib.dll" -r:"/Applications/Unity/Unity.app/Contents/Mono/lib/mono/2.0/System.dll" -r:"/Applications/Unity/Unity.app/Contents/Mono/lib/mono/2.0/System.Core.dll" -r:"/Applications/Unity/Unity.app/Contents/Mono/lib/mono/2.0/System.Xml.dll" @Temp/UnityTempFile-cebbc870a6c7a4c15bd16006ab2de4a2
Exit code: 1
Elapsed time: 0.79 sec

- Compiler output (1 line):
0: Compilation failed: 2 error(s), 4 warnings

- Compiler errors (6 lines):
0: Assets/Demo/Scripts/C# 6 Tests/ExceptionFiltersTest.cs(5,0): warning CS1030: #warning: `IL2CPP may fail this test'
1: Assets/Demo/Scripts/C# 5 Tests/AsyncAwaitTest.cs(15,27): warning CS4014: The statement is not awaited and execution of current method continues before the call is completed. Consider using `await' operator
2: Assets/Demo/Scripts/C# 5 Tests/AsyncAwaitTest.cs(22,27): warning CS4014: The statement is not awaited and execution of current method continues before the call is completed. Consider using `await' operator
3: Assets/Demo/Scripts/C# 6 Tests/StringInterpolationTest.cs(22,19): error CS0165: Use of unassigned local variable `escapedUrl'
4: Assets/Demo/Scripts/C# 6 Tests/StringInterpolationTest.cs(23,19): error CS0165: Use of unassigned local variable `escapedUrl2'
5: Assets/Demo/Scripts/SlideshowDemo.cs(63,31): warning CS4014: The statement is not awaited and execution of current method continues before the call is completed. Consider using `await' operator
********************************************************************************
*                      Tuesday, 18 October 2016 11:17:59                       *
********************************************************************************
CSharpCompilerWrapper.exe version: 1.10.0.0
Platform: Mac
Target assembly: /Assembly-CSharp.dll
Project directory: /Users/davidnelson/dev/parallelplaid/unity-6-suppot
Unity 'Data' or 'Frameworks' directory: /Applications/Unity/Unity.app/Contents
Microsoft C# 6.0 compiler found, but it is not supported on the current platform. Looking for another compiler...
Compiler: Mono C# 6.0

- Compilation -----------------------------------------------

Process: /Library/Frameworks/Mono.framework/Commands/mono
Arguments: "/Users/davidnelson/dev/parallelplaid/unity-6-suppot/CSharp60Support/mcs.exe" -nostdlib+ -noconfig -nologo -r:"/Applications/Unity/Unity.app/Contents/Mono/lib/mono/2.0/mscorlib.dll" -r:"/Applications/Unity/Unity.app/Contents/Mono/lib/mono/2.0/System.dll" -r:"/Applications/Unity/Unity.app/Contents/Mono/lib/mono/2.0/System.Core.dll" -r:"/Applications/Unity/Unity.app/Contents/Mono/lib/mono/2.0/System.Xml.dll" @Temp/UnityTempFile-2eeef2bbd0080405db5312644dbe5df9
Exit code: 1
Elapsed time: 0.81 sec

- Compiler output (1 line):
0: Compilation failed: 2 error(s), 4 warnings

- Compiler errors (6 lines):
0: Assets/Demo/Scripts/C# 6 Tests/ExceptionFiltersTest.cs(5,0): warning CS1030: #warning: `IL2CPP may fail this test'
1: Assets/Demo/Scripts/C# 5 Tests/AsyncAwaitTest.cs(15,27): warning CS4014: The statement is not awaited and execution of current method continues before the call is completed. Consider using `await' operator
2: Assets/Demo/Scripts/C# 5 Tests/AsyncAwaitTest.cs(22,27): warning CS4014: The statement is not awaited and execution of current method continues before the call is completed. Consider using `await' operator
3: Assets/Demo/Scripts/C# 6 Tests/StringInterpolationTest.cs(22,19): error CS0165: Use of unassigned local variable `escapedUrl'
4: Assets/Demo/Scripts/C# 6 Tests/StringInterpolationTest.cs(23,19): error CS0165: Use of unassigned local variable `escapedUrl2'
5: Assets/Demo/Scripts/SlideshowDemo.cs(63,31): warning CS4014: The statement is not awaited and execution of current method continues before the call is completed. Consider using `await' operator
********************************************************************************
*                      Tuesday, 18 October 2016 11:18:15                       *
********************************************************************************
CSharpCompilerWrapper.exe version: 1.10.0.0
Platform: Mac
Target assembly: /Assembly-CSharp.dll
Project directory: /Users/davidnelson/dev/parallelplaid/unity-6-suppot
Unity 'Data' or 'Frameworks' directory: /Applications/Unity/Unity.app/Contents
Microsoft C# 6.0 compiler found, but it is not supported on the current platform. Looking for another compiler...
Compiler: Mono C# 6.0

- Compilation -----------------------------------------------

Process: /Library/Frameworks/Mono.framework/Commands/mono
Arguments: "/Users/davidnelson/dev/parallelplaid/unity-6-suppot/CSharp60Support/mcs.exe" -nostdlib+ -noconfig -nologo -r:"/Applications/Unity/Unity.app/Contents/Mono/lib/mono/2.0/mscorlib.dll" -r:"/Applications/Unity/Unity.app/Contents/Mono/lib/mono/2.0/System.dll" -r:"/Applications/Unity/Unity.app/Contents/Mono/lib/mono/2.0/System.Core.dll" -r:"/Applications/Unity/Unity.app/Contents/Mono/lib/mono/2.0/System.Xml.dll" @Temp/UnityTempFile-116b6f70ae6a34bd386f0a0377a49f26
********************************************************************************
*                      Tuesday, 18 October 2016 11:18:16                       *
********************************************************************************
CSharpCompilerWrapper.exe version: 1.10.0.0
Platform: Mac
Target assembly: /Assembly-CSharp.dll
Project directory: /Users/davidnelson/dev/parallelplaid/unity-6-suppot
Unity 'Data' or 'Frameworks' directory: /Applications/Unity/Unity.app/Contents
Microsoft C# 6.0 compiler found, but it is not supported on the current platform. Looking for another compiler...
Compiler: Mono C# 6.0

- Compilation -----------------------------------------------

Process: /Library/Frameworks/Mono.framework/Commands/mono
Arguments: "/Users/davidnelson/dev/parallelplaid/unity-6-suppot/CSharp60Support/mcs.exe" -nostdlib+ -noconfig -nologo -r:"/Applications/Unity/Unity.app/Contents/Mono/lib/mono/2.0/mscorlib.dll" -r:"/Applications/Unity/Unity.app/Contents/Mono/lib/mono/2.0/System.dll" -r:"/Applications/Unity/Unity.app/Contents/Mono/lib/mono/2.0/System.Core.dll" -r:"/Applications/Unity/Unity.app/Contents/Mono/lib/mono/2.0/System.Xml.dll" @Temp/UnityTempFile-f9096f18b19204502b511cd6c9732697
Exit code: 1
Elapsed time: 0.78 sec

- Compiler output (1 line):
0: Compilation failed: 2 error(s), 4 warnings

- Compiler errors (6 lines):
0: Assets/Demo/Scripts/C# 6 Tests/ExceptionFiltersTest.cs(5,0): warning CS1030: #warning: `IL2CPP may fail this test'
1: Assets/Demo/Scripts/C# 5 Tests/AsyncAwaitTest.cs(15,27): warning CS4014: The statement is not awaited and execution of current method continues before the call is completed. Consider using `await' operator
2: Assets/Demo/Scripts/C# 5 Tests/AsyncAwaitTest.cs(22,27): warning CS4014: The statement is not awaited and execution of current method continues before the call is completed. Consider using `await' operator
3: Assets/Demo/Scripts/C# 6 Tests/StringInterpolationTest.cs(22,19): error CS0165: Use of unassigned local variable `escapedUrl'
4: Assets/Demo/Scripts/C# 6 Tests/StringInterpolationTest.cs(23,19): error CS0165: Use of unassigned local variable `escapedUrl2'
5: Assets/Demo/Scripts/SlideshowDemo.cs(63,31): warning CS4014: The statement is not awaited and execution of current method continues before the call is completed. Consider using `await' operator
********************************************************************************
*                      Tuesday, 18 October 2016 11:21:53                       *
********************************************************************************
CSharpCompilerWrapper.exe version: 1.10.0.0
Platform: Mac
Target assembly: /Assembly-CSharp.dll
Project directory: /Users/davidnelson/dev/parallelplaid/unity-6-suppot
Unity 'Data' or 'Frameworks' directory: /Applications/Unity/Unity.app/Contents
Microsoft C# 6.0 compiler found, but it is not supported on the current platform. Looking for another compiler...
Compiler: Mono C# 6.0

- Compilation -----------------------------------------------

Process: /Library/Frameworks/Mono.framework/Commands/mono
Arguments: "/Users/davidnelson/dev/parallelplaid/unity-6-suppot/CSharp60Support/mcs.exe" -nostdlib+ -noconfig -nologo -r:"/Applications/Unity/Unity.app/Contents/Mono/lib/mono/2.0/mscorlib.dll" -r:"/Applications/Unity/Unity.app/Contents/Mono/lib/mono/2.0/System.dll" -r:"/Applications/Unity/Unity.app/Contents/Mono/lib/mono/2.0/System.Core.dll" -r:"/Applications/Unity/Unity.app/Contents/Mono/lib/mono/2.0/System.Xml.dll" @Temp/UnityTempFile-3a866becc1e76491880b4411a5a58911
Exit code: 0
Elapsed time: 0.88 sec

- Compiler output (1 line):
0: Compilation succeeded - 4 warning(s)

- Compiler errors (4 lines):
0: Assets/Demo/Scripts/C# 6 Tests/ExceptionFiltersTest.cs(5,0): warning CS1030: #warning: `IL2CPP may fail this test'
1: Assets/Demo/Scripts/C# 5 Tests/AsyncAwaitTest.cs(15,27): warning CS4014: The statement is not awaited and execution of current method continues before the call is completed. Consider using `await' operator
2: Assets/Demo/Scripts/C# 5 Tests/AsyncAwaitTest.cs(22,27): warning CS4014: The statement is not awaited and execution of current method continues before the call is completed. Consider using `await' operator
3: Assets/Demo/Scripts/SlideshowDemo.cs(63,31): warning CS4014: The statement is not awaited and execution of current method continues before the call is completed. Consider using `await' operator
********************************************************************************
*                      Tuesday, 18 October 2016 11:21:54                       *
********************************************************************************
CSharpCompilerWrapper.exe version: 1.10.0.0
Platform: Mac
Target assembly: /Assembly-CSharp-Editor.dll
Project directory: /Users/davidnelson/dev/parallelplaid/unity-6-suppot
Unity 'Data' or 'Frameworks' directory: /Applications/Unity/Unity.app/Contents
Microsoft C# 6.0 compiler found, but it is not supported on the current platform. Looking for another compiler...
Compiler: Mono C# 6.0

- Compilation -----------------------------------------------

Process: /Library/Frameworks/Mono.framework/Commands/mono
Arguments: "/Users/davidnelson/dev/parallelplaid/unity-6-suppot/CSharp60Support/mcs.exe" -nostdlib+ -noconfig -nologo -r:"/Applications/Unity/Unity.app/Contents/Mono/lib/mono/2.0/mscorlib.dll" -r:"/Applications/Unity/Unity.app/Contents/Mono/lib/mono/2.0/System.dll" -r:"/Applications/Unity/Unity.app/Contents/Mono/lib/mono/2.0/System.Core.dll" -r:"/Applications/Unity/Unity.app/Contents/Mono/lib/mono/2.0/System.Xml.dll" @Temp/UnityTempFile-0c68ca878e2b940fb9457525257007eb
Exit code: 0
Elapsed time: 0.63 sec

- Compiler output (0 lines):

- Compiler errors (0 lines):
